  Arrow.cpp
C:\Universidad\TPVDani\PrograC\PracticaArcoFlechas\HolaSDL\Arrow.cpp(34,24): warning C4244:  '=': conversión de 'double' a 'int'; posible pérdida de datos
C:\Universidad\TPVDani\PrograC\PracticaArcoFlechas\HolaSDL\Arrow.cpp(35,24): warning C4244:  '=': conversión de 'double' a 'int'; posible pérdida de datos
C:\Universidad\TPVDani\PrograC\PracticaArcoFlechas\HolaSDL\Arrow.cpp(52,24): warning C4244:  '=': conversión de 'double' a 'int'; posible pérdida de datos
  Balloon.cpp
C:\Universidad\TPVDani\PrograC\PracticaArcoFlechas\HolaSDL\Arrow.cpp(53,24): warning C4244:  '=': conversión de 'double' a 'int'; posible pérdida de datos
C:\Universidad\TPVDani\PrograC\PracticaArcoFlechas\HolaSDL\Balloon.cpp(12,9): warning C4101:  'game': variable local sin referencia
C:\Universidad\TPVDani\PrograC\PracticaArcoFlechas\HolaSDL\Balloon.cpp(18,24): warning C4244:  '=': conversión de 'double' a 'int'; posible pérdida de datos
C:\Universidad\TPVDani\PrograC\PracticaArcoFlechas\HolaSDL\Balloon.cpp(19,24): warning C4244:  '=': conversión de 'double' a 'int'; posible pérdida de datos
C:\Universidad\TPVDani\PrograC\PracticaArcoFlechas\HolaSDL\Balloon.cpp(44,24): warning C4244:  '=': conversión de 'double' a 'int'; posible pérdida de datos
C:\Universidad\TPVDani\PrograC\PracticaArcoFlechas\HolaSDL\Balloon.cpp(45,24): warning C4244:  '=': conversión de 'double' a 'int'; posible pérdida de datos
C:\Universidad\TPVDani\PrograC\PracticaArcoFlechas\HolaSDL\Balloon.cpp(58,24): warning C4244:  '=': conversión de 'double' a 'int'; posible pérdida de datos
  Bow.cpp
C:\Universidad\TPVDani\PrograC\PracticaArcoFlechas\HolaSDL\Balloon.cpp(59,24): warning C4244:  '=': conversión de 'double' a 'int'; posible pérdida de datos
C:\Universidad\TPVDani\PrograC\PracticaArcoFlechas\HolaSDL\Bow.cpp(12,24): warning C4244:  '=': conversión de 'double' a 'int'; posible pérdida de datos
  Game.cpp
C:\Universidad\TPVDani\PrograC\PracticaArcoFlechas\HolaSDL\Bow.cpp(13,24): warning C4244:  '=': conversión de 'double' a 'int'; posible pérdida de datos
C:\Program Files (x86)\Windows Kits\10\Include\10.0.18362.0\ucrt\crtdbg.h(303,1): warning C4005:  '_malloca': redefinición de macro
C:\Program Files (x86)\Windows Kits\10\Include\10.0.18362.0\ucrt\malloc.h(122): message :  vea la definición anterior de '_malloca'
C:\Universidad\TPVDani\PrograC\PracticaArcoFlechas\HolaSDL\Game.cpp(38,21): warning C4018:  '<': no coinciden signed/unsigned
C:\Universidad\TPVDani\PrograC\PracticaArcoFlechas\HolaSDL\Game.cpp(53,20): warning C4018:  '<': no coinciden signed/unsigned
C:\Universidad\TPVDani\PrograC\PracticaArcoFlechas\HolaSDL\Game.cpp(58,20): warning C4018:  '<': no coinciden signed/unsigned
C:\Universidad\TPVDani\PrograC\PracticaArcoFlechas\HolaSDL\Game.cpp(88,20): warning C4018:  '<': no coinciden signed/unsigned
C:\Universidad\TPVDani\PrograC\PracticaArcoFlechas\HolaSDL\Game.cpp(94,20): warning C4018:  '<': no coinciden signed/unsigned
C:\Universidad\TPVDani\PrograC\PracticaArcoFlechas\HolaSDL\Game.cpp(119,20): warning C4018:  '<': no coinciden signed/unsigned
C:\Universidad\TPVDani\PrograC\PracticaArcoFlechas\HolaSDL\Game.cpp(122,20): warning C4018:  '<': no coinciden signed/unsigned
C:\Universidad\TPVDani\PrograC\PracticaArcoFlechas\HolaSDL\Game.cpp(147,12): warning C4244:  'inicializando': conversión de 'double' a 'int'; posible pérdida de datos
C:\Universidad\TPVDani\PrograC\PracticaArcoFlechas\HolaSDL\Game.cpp(148,12): warning C4244:  'inicializando': conversión de 'double' a 'int'; posible pérdida de datos
  ScoreBoard.cpp
C:\Universidad\TPVDani\PrograC\PracticaArcoFlechas\HolaSDL\Game.cpp(158,12): warning C4018:  '<': no coinciden signed/unsigned
C:\Universidad\TPVDani\PrograC\PracticaArcoFlechas\HolaSDL\ScoreBoard.cpp(34,24): warning C4244:  '=': conversión de 'double' a 'int'; posible pérdida de datos
C:\Universidad\TPVDani\PrograC\PracticaArcoFlechas\HolaSDL\ScoreBoard.cpp(35,24): warning C4244:  '=': conversión de 'double' a 'int'; posible pérdida de datos
C:\Universidad\TPVDani\PrograC\PracticaArcoFlechas\HolaSDL\ScoreBoard.cpp(47,30): warning C4244:  '=': conversión de 'double' a 'int'; posible pérdida de datos
C:\Universidad\TPVDani\PrograC\PracticaArcoFlechas\HolaSDL\ScoreBoard.cpp(57,36): warning C4244:  '=': conversión de 'double' a 'int'; posible pérdida de datos
  Texture.cpp
  Vector2D.cpp
C:\Universidad\TPVDani\PrograC\PracticaArcoFlechas\HolaSDL\ScoreBoard.cpp(58,30): warning C4244:  '=': conversión de 'double' a 'int'; posible pérdida de datos
C:\Universidad\TPVDani\PrograC\PracticaArcoFlechas\HolaSDL\Vector2D.cpp(21,20): warning C4244:  'argumento': conversión de 'double' a 'int'; posible pérdida de datos
C:\Universidad\TPVDani\PrograC\PracticaArcoFlechas\HolaSDL\Vector2D.cpp(21,18): warning C4244:  'argumento': conversión de 'double' a 'int'; posible pérdida de datos
C:\Universidad\TPVDani\PrograC\PracticaArcoFlechas\HolaSDL\Vector2D.cpp(27,21): warning C4244:  'argumento': conversión de 'double' a 'int'; posible pérdida de datos
C:\Universidad\TPVDani\PrograC\PracticaArcoFlechas\HolaSDL\Vector2D.cpp(27,18): warning C4244:  'argumento': conversión de 'double' a 'int'; posible pérdida de datos
C:\Universidad\TPVDani\PrograC\PracticaArcoFlechas\HolaSDL\Vector2D.cpp(33,21): warning C4244:  'argumento': conversión de 'double' a 'int'; posible pérdida de datos
C:\Universidad\TPVDani\PrograC\PracticaArcoFlechas\HolaSDL\Vector2D.cpp(33,18): warning C4244:  'argumento': conversión de 'double' a 'int'; posible pérdida de datos
  main.cpp
C:\Universidad\TPVDani\PrograC\PracticaArcoFlechas\HolaSDL\Vector2D.cpp(37,25): warning C4244:  'return': conversión de 'double' a 'int'; posible pérdida de datos
C:\Program Files (x86)\Windows Kits\10\Include\10.0.18362.0\ucrt\crtdbg.h(303,1): warning C4005:  '_malloca': redefinición de macro
  Generando código...
C:\Program Files (x86)\Windows Kits\10\Include\10.0.18362.0\ucrt\malloc.h(122): message :  vea la definición anterior de '_malloca'
  HolaSDL.vcxproj -> C:\Universidad\TPVDani\PrograC\PracticaArcoFlechas\bin\SDLDebug.exe
